Starting Single Run, Sweeps and Corners...

Current time: Sat Jun 10 12:47:47 2017 
Best design point: 1
Design specs: 
	Adder:adder_sim:1	corner	ff - 
	TotalPower100		459.2u
	IntegralPeriod		115.2n
	1overT		8.681M
	Adder:adder_sim:1	corner	Nominal - 
	TotalPower100		35.92u
	IntegralPeriod		115.2n
	1overT		8.681M
Design parameters: 
	CLK_PER		900
	k		1
	wn		240n
	ln		180n

Interactive.22
Number of points completed: 1
Number of simulation errors: 0
Interactive.22 completed. 
Current time: Sat Jun 10 12:48:54 2017 
