Starting Single Run, Sweeps and Corners...

Current time: Sat Jun 10 13:07:38 2017 
Best design point: 1
Design specs: 
	Adder:adder_sim:1	corner	ff - 
	TotalPower100		2.839u
	Adder:adder_sim:1	corner	ss - 
	TotalPower100		2.618u
	Adder:adder_sim:1	corner	fnsp - 
	TotalPower100		2.522u
	Adder:adder_sim:1	corner	snfp - 
	TotalPower100		2.809u
	Adder:adder_sim:1	corner	Nominal - 
	TotalPower100		2.616u
Design parameters: 
	CLK_PER		100k
	k		1
	wn		240n
	ln		180n

Interactive.27
Number of points completed: 2
Number of simulation errors: 0
Interactive.27 completed. 
Current time: Sat Jun 10 13:12:32 2017 
