Starting Single Run, Sweeps and Corners...

Current time: Sat Jun 10 13:21:49 2017 
Best design point: 1
Design specs: 
	Adder:adder_sim:1	corner	ff - 
	TotalPower100		4.772u
	Adder:adder_sim:1	corner	ss - 
	TotalPower100		4.424u
	Adder:adder_sim:1	corner	fnsp - 
	TotalPower100		4.45u
	Adder:adder_sim:1	corner	snfp - 
	TotalPower100		4.536u
	Adder:adder_sim:1	corner	Nominal - 
	TotalPower100		4.491u
Design parameters: 
	CLK_PER		100k
	k		2.5
	wn		240n
	ln		180n

Interactive.28
Number of points completed: 1
Number of simulation errors: 0
Interactive.28 completed. 
Current time: Sat Jun 10 13:24:31 2017 
