Starting Single Run, Sweeps and Corners...

Current time: Sat Jun 10 12:50:37 2017 
Best design point: 1
Design specs: 
	Adder:adder_sim:1	corner	ff - 
	TotalPower100		450.5u
	IntegralPeriod		115.2n
	1overT		8.681M
	Adder:adder_sim:1	corner	Nominal - 
	TotalPower100		27.84u
	IntegralPeriod		115.2n
	1overT		8.681M
Design parameters: 
	CLK_PER		900
	k		1
	wn		240n
	ln		180n

Interactive.23
Number of points completed: 1
Number of simulation errors: 0
Interactive.23 completed. 
Current time: Sat Jun 10 12:51:31 2017 
