Starting Single Run, Sweeps and Corners...

Current time: Sat Jun 10 16:00:15 2017 
Best design point: 1
Design specs: 
	Adder:adder_sim:1	corner	ff - 
	TotalPower100		4.283u
	Adder:adder_sim:1	corner	ss - 
	TotalPower100		3.776u
	Adder:adder_sim:1	corner	fnsp - 
	TotalPower100		3.959u
	Adder:adder_sim:1	corner	snfp - 
	TotalPower100		3.955u
	Adder:adder_sim:1	corner	Nominal - 
	TotalPower100		3.941u
Design parameters: 
	CLK_PER		100k
	k		1
	wn		240n
	ln		180n

Received stop signal from user. 
Interactive.30 completed. 
Current time: Sat Jun 10 16:05:26 2017 
