Starting Single Run, Sweeps and Corners...

Current time: Wed Jun  7 21:48:46 2017 
Best design point: 1
Design specs: 
	Adder:AdderHC_inv_sim:1	corner	ff - 
	Adder:AdderHC_inv_sim:1	corner	ss - 
	Adder:AdderHC_inv_sim:1	corner	fnsp - 
	Adder:AdderHC_inv_sim:1	corner	snfp - 
	Adder:AdderHC_inv_sim:1	corner	Nominal - 
Design parameters: 
	k		2
	ln		180n
	wn		240n
	CLK_PER		1k
	PAT		100

Interactive.1
Number of points completed: 17
Number of simulation errors: 85
Interactive.1 completed. 
Current time: Wed Jun  7 21:49:22 2017 
